[debug] [2026-06-25T06:33:03.230Z] ----------------------------------------------------------------------
[debug] [2026-06-25T06:33:03.232Z] Command:       /Users/isa/.nvm/versions/node/v24.15.0/bin/node /Users/isa/.nvm/versions/node/v24.15.0/bin/firebase emulators:start --only functions
[debug] [2026-06-25T06:33:03.232Z] CLI Version:   15.20.0
[debug] [2026-06-25T06:33:03.232Z] Platform:      darwin
[debug] [2026-06-25T06:33:03.232Z] Node Version:  v24.15.0
[debug] [2026-06-25T06:33:03.232Z] Time:          Thu Jun 25 2026 02:33:03 GMT-0400 (Eastern Daylight Time)
[debug] [2026-06-25T06:33:03.232Z] ----------------------------------------------------------------------
[debug] 
[debug] [2026-06-25T06:33:03.233Z] >>> [apiv2][query] GET https://firebase-public.firebaseio.com/cli.json [none]
[debug] [2026-06-25T06:33:04.011Z] > command requires scopes: ["email","openid","https://www.googleapis.com/auth/cloudplatformprojects.readonly","https://www.googleapis.com/auth/firebase","https://www.googleapis.com/auth/cloud-platform"]
[debug] [2026-06-25T06:33:04.012Z] > authorizing via signed-in user (isabelabonitalla@gmail.com)
[info] i  emulators: Starting emulators: functions {"metadata":{"emulator":{"name":"hub"},"message":"Starting emulators: functions"}}
[debug] [2026-06-25T06:33:04.411Z] [logging] Logging Emulator only supports listening on one address (127.0.0.1). Not listening on ::1
[debug] [2026-06-25T06:33:04.411Z] assigned listening specs for emulators {"user":{"hub":[{"address":"127.0.0.1","family":"IPv4","port":4400},{"address":"::1","family":"IPv6","port":4400}],"ui":[{"address":"127.0.0.1","family":"IPv4","port":4000},{"address":"::1","family":"IPv6","port":4000}],"logging":[{"address":"127.0.0.1","family":"IPv4","port":4500}]},"metadata":{"message":"assigned listening specs for emulators"}}
[debug] [2026-06-25T06:33:04.415Z] Write emulator hub locator at /var/folders/lv/yfy86m856cv_lg3_tnl0drxc0000gn/T/hub-yggdrasil-497923.json
[debug] [2026-06-25T06:33:04.794Z] [functions] Functions Emulator only supports listening on one address (127.0.0.1). Not listening on ::1
[debug] [2026-06-25T06:33:04.794Z] [eventarc] Eventarc Emulator only supports listening on one address (127.0.0.1). Not listening on ::1
[debug] [2026-06-25T06:33:04.794Z] [tasks] Cloud Tasks Emulator only supports listening on one address (127.0.0.1). Not listening on ::1
[debug] [2026-06-25T06:33:04.794Z] late-assigned ports for functions and eventarc emulators {"user":{"hub":[{"address":"127.0.0.1","family":"IPv4","port":4400},{"address":"::1","family":"IPv6","port":4400}],"ui":[{"address":"127.0.0.1","family":"IPv4","port":4000},{"address":"::1","family":"IPv6","port":4000}],"logging":[{"address":"127.0.0.1","family":"IPv4","port":4500}],"functions":[{"address":"127.0.0.1","family":"IPv4","port":5001}],"eventarc":[{"address":"127.0.0.1","family":"IPv4","port":9299}],"tasks":[{"address":"127.0.0.1","family":"IPv4","port":9499}]},"metadata":{"message":"late-assigned ports for functions and eventarc emulators"}}
[warn] ⚠  functions: The following emulators are not running, calls to these services from the Functions emulator will affect production: apphosting, auth, firestore, database, hosting, pubsub, storage, dataconnect {"metadata":{"emulator":{"name":"functions"},"message":"The following emulators are not running, calls to these services from the Functions emulator will affect production: \u001b[1mapphosting, auth, firestore, database, hosting, pubsub, storage, dataconnect\u001b[22m"}}
[debug] [2026-06-25T06:33:04.846Z] defaultcredentials: writing to file /Users/isa/.config/firebase/isabelabonitalla_gmail_com_application_default_credentials.json
[debug] [2026-06-25T06:33:04.847Z] Setting GAC to /Users/isa/.config/firebase/isabelabonitalla_gmail_com_application_default_credentials.json {"metadata":{"emulator":{"name":"functions"},"message":"Setting GAC to /Users/isa/.config/firebase/isabelabonitalla_gmail_com_application_default_credentials.json"}}
[debug] [2026-06-25T06:33:04.847Z] Checked if tokens are valid: false, expires at: 1782200503364
[debug] [2026-06-25T06:33:04.847Z] Checked if tokens are valid: false, expires at: 1782200503364
[debug] [2026-06-25T06:33:04.848Z] > refreshing access token with scopes: []
[debug] [2026-06-25T06:33:04.848Z] >>> [apiv2][query] POST https://www.googleapis.com/oauth2/v3/token [none]
[debug] [2026-06-25T06:33:04.848Z] >>> [apiv2][body] POST https://www.googleapis.com/oauth2/v3/token [omitted]
[debug] [2026-06-25T06:33:04.914Z] <<< [apiv2][status] GET https://firebase-public.firebaseio.com/cli.json 200
[debug] [2026-06-25T06:33:04.914Z] <<< [apiv2][body] GET https://firebase-public.firebaseio.com/cli.json {"cloudBuildErrorAfter":1594252800000,"cloudBuildWarnAfter":1590019200000,"defaultNode10After":1594252800000,"minVersion":"3.0.5","node8DeploysDisabledAfter":1613390400000,"node8RuntimeDisabledAfter":1615809600000,"node8WarnAfter":1600128000000}
[debug] [2026-06-25T06:33:04.933Z] <<< [apiv2][status] POST https://www.googleapis.com/oauth2/v3/token 200
[debug] [2026-06-25T06:33:04.933Z] <<< [apiv2][body] POST https://www.googleapis.com/oauth2/v3/token [omitted]
[debug] [2026-06-25T06:33:04.944Z] >>> [apiv2][query] GET https://firebase.googleapis.com/v1beta1/projects/yggdrasil-497923/adminSdkConfig [none]
[debug] [2026-06-25T06:33:05.360Z] <<< [apiv2][status] GET https://firebase.googleapis.com/v1beta1/projects/yggdrasil-497923/adminSdkConfig 200
[debug] [2026-06-25T06:33:05.360Z] <<< [apiv2][body] GET https://firebase.googleapis.com/v1beta1/projects/yggdrasil-497923/adminSdkConfig {"projectId":"yggdrasil-497923","storageBucket":"yggdrasil-497923.firebasestorage.app"}
[info] i  ui: downloading ui-v1.15.0.zip... {"metadata":{"emulator":{"name":"ui"},"message":"downloading ui-v1.15.0.zip..."}}
[debug] [2026-06-25T06:33:05.379Z] >>> [apiv2][query] GET https://storage.googleapis.com/firebase-preview-drop/emulator/ui-v1.15.0.zip 
[debug] [2026-06-25T06:33:05.482Z] <<< [apiv2][status] GET https://storage.googleapis.com/firebase-preview-drop/emulator/ui-v1.15.0.zip 200
[debug] [2026-06-25T06:33:05.482Z] <<< [apiv2][body] GET https://storage.googleapis.com/firebase-preview-drop/emulator/ui-v1.15.0.zip [stream]
[debug] [2026-06-25T06:33:05.598Z] Data is 3538469
[debug] [2026-06-25T06:33:05.598Z] [unzip] Entry: client/ (compressed_size=0 bytes, uncompressed_size=0 bytes)
[debug] [2026-06-25T06:33:05.599Z] [unzip] Processing entry: client/
[debug] [2026-06-25T06:33:05.599Z] [unzip] mkdir: /Users/isa/.cache/firebase/emulators/ui-v1.15.0/client/
[debug] [2026-06-25T06:33:05.599Z] [unzip] Entry: client/favicon-16x16.png (compressed_size=293 bytes, uncompressed_size=293 bytes)
[debug] [2026-06-25T06:33:05.599Z] [unzip] Processing entry: client/favicon-16x16.png
[debug] [2026-06-25T06:33:05.599Z] [unzip] else mkdir: /Users/isa/.cache/firebase/emulators/ui-v1.15.0/client
[debug] [2026-06-25T06:33:05.599Z] [unzip] Writing file: /Users/isa/.cache/firebase/emulators/ui-v1.15.0/client/favicon-16x16.png
[debug] [2026-06-25T06:33:05.599Z] [unzip] Entry: client/safari-pinned-tab.svg (compressed_size=1433 bytes, uncompressed_size=2611 bytes)
[debug] [2026-06-25T06:33:05.599Z] [unzip] Processing entry: client/safari-pinned-tab.svg
[debug] [2026-06-25T06:33:05.599Z] [unzip] else mkdir: /Users/isa/.cache/firebase/emulators/ui-v1.15.0/client
[debug] [2026-06-25T06:33:05.600Z] [unzip] deflating: /Users/isa/.cache/firebase/emulators/ui-v1.15.0/client/safari-pinned-tab.svg
[debug] [2026-06-25T06:33:05.601Z] [unzip] Entry: client/favicon.ico (compressed_size=2933 bytes, uncompressed_size=13294 bytes)
[debug] [2026-06-25T06:33:05.601Z] [unzip] Processing entry: client/favicon.ico
[debug] [2026-06-25T06:33:05.601Z] [unzip] else mkdir: /Users/isa/.cache/firebase/emulators/ui-v1.15.0/client
[debug] [2026-06-25T06:33:05.601Z] [unzip] deflating: /Users/isa/.cache/firebase/emulators/ui-v1.15.0/client/favicon.ico
[debug] [2026-06-25T06:33:05.602Z] [unzip] Entry: client/index.html (compressed_size=1364 bytes, uncompressed_size=3071 bytes)
[debug] [2026-06-25T06:33:05.602Z] [unzip] Processing entry: client/index.html
[debug] [2026-06-25T06:33:05.602Z] [unzip] else mkdir: /Users/isa/.cache/firebase/emulators/ui-v1.15.0/client
[debug] [2026-06-25T06:33:05.602Z] [unzip] deflating: /Users/isa/.cache/firebase/emulators/ui-v1.15.0/client/index.html
[debug] [2026-06-25T06:33:05.603Z] [unzip] Entry: client/android-chrome-192x192.png (compressed_size=2684 bytes, uncompressed_size=2684 bytes)
[debug] [2026-06-25T06:33:05.603Z] [unzip] Processing entry: client/android-chrome-192x192.png
[debug] [2026-06-25T06:33:05.603Z] [unzip] else mkdir: /Users/isa/.cache/firebase/emulators/ui-v1.15.0/client
[debug] [2026-06-25T06:33:05.603Z] [unzip] Writing file: /Users/isa/.cache/firebase/emulators/ui-v1.15.0/client/android-chrome-192x192.png
[debug] [2026-06-25T06:33:05.603Z] [unzip] Entry: client/apple-touch-icon.png (compressed_size=2123 bytes, uncompressed_size=2152 bytes)
[debug] [2026-06-25T06:33:05.603Z] [unzip] Processing entry: client/apple-touch-icon.png
[debug] [2026-06-25T06:33:05.603Z] [unzip] else mkdir: /Users/isa/.cache/firebase/emulators/ui-v1.15.0/client
[debug] [2026-06-25T06:33:05.603Z] [unzip] deflating: /Users/isa/.cache/firebase/emulators/ui-v1.15.0/client/apple-touch-icon.png
[debug] [2026-06-25T06:33:05.603Z] [unzip] Entry: client/android-chrome-512x512.png (compressed_size=5369 bytes, uncompressed_size=5411 bytes)
[debug] [2026-06-25T06:33:05.603Z] [unzip] Processing entry: client/android-chrome-512x512.png
[debug] [2026-06-25T06:33:05.603Z] [unzip] else mkdir: /Users/isa/.cache/firebase/emulators/ui-v1.15.0/client
[debug] [2026-06-25T06:33:05.604Z] [unzip] deflating: /Users/isa/.cache/firebase/emulators/ui-v1.15.0/client/android-chrome-512x512.png
[debug] [2026-06-25T06:33:05.604Z] [unzip] Entry: client/manifest.json (compressed_size=245 bytes, uncompressed_size=551 bytes)
[debug] [2026-06-25T06:33:05.604Z] [unzip] Processing entry: client/manifest.json
[debug] [2026-06-25T06:33:05.604Z] [unzip] else mkdir: /Users/isa/.cache/firebase/emulators/ui-v1.15.0/client
[debug] [2026-06-25T06:33:05.604Z] [unzip] deflating: /Users/isa/.cache/firebase/emulators/ui-v1.15.0/client/manifest.json
[debug] [2026-06-25T06:33:05.604Z] [unzip] Entry: client/robots.txt (compressed_size=26 bytes, uncompressed_size=26 bytes)
[debug] [2026-06-25T06:33:05.604Z] [unzip] Processing entry: client/robots.txt
[debug] [2026-06-25T06:33:05.604Z] [unzip] else mkdir: /Users/isa/.cache/firebase/emulators/ui-v1.15.0/client
[debug] [2026-06-25T06:33:05.605Z] [unzip] Writing file: /Users/isa/.cache/firebase/emulators/ui-v1.15.0/client/robots.txt
[debug] [2026-06-25T06:33:05.605Z] [unzip] Entry: client/mstile-150x150.png (compressed_size=2034 bytes, uncompressed_size=2034 bytes)
[debug] [2026-06-25T06:33:05.605Z] [unzip] Processing entry: client/mstile-150x150.png
[debug] [2026-06-25T06:33:05.605Z] [unzip] else mkdir: /Users/isa/.cache/firebase/emulators/ui-v1.15.0/client
[debug] [2026-06-25T06:33:05.605Z] [unzip] Writing file: /Users/isa/.cache/firebase/emulators/ui-v1.15.0/client/mstile-150x150.png
[debug] [2026-06-25T06:33:05.605Z] [unzip] Entry: client/assets/ (compressed_size=0 bytes, uncompressed_size=0 bytes)
[debug] [2026-06-25T06:33:05.605Z] [unzip] Processing entry: client/assets/
[debug] [2026-06-25T06:33:05.605Z] [unzip] mkdir: /Users/isa/.cache/firebase/emulators/ui-v1.15.0/client/assets/
[debug] [2026-06-25T06:33:05.605Z] [unzip] Entry: client/assets/index-BX-A56oj.js (compressed_size=582089 bytes, uncompressed_size=2092775 bytes)
[debug] [2026-06-25T06:33:05.605Z] [unzip] Processing entry: client/assets/index-BX-A56oj.js
[debug] [2026-06-25T06:33:05.605Z] [unzip] else mkdir: /Users/isa/.cache/firebase/emulators/ui-v1.15.0/client/assets
[debug] [2026-06-25T06:33:05.605Z] [unzip] deflating: /Users/isa/.cache/firebase/emulators/ui-v1.15.0/client/assets/index-BX-A56oj.js
[debug] [2026-06-25T06:33:05.614Z] [unzip] Entry: client/assets/index-CjB9C900.css (compressed_size=35979 bytes, uncompressed_size=298654 bytes)
[debug] [2026-06-25T06:33:05.614Z] [unzip] Processing entry: client/assets/index-CjB9C900.css
[debug] [2026-06-25T06:33:05.614Z] [unzip] else mkdir: /Users/isa/.cache/firebase/emulators/ui-v1.15.0/client/assets
[debug] [2026-06-25T06:33:05.614Z] [unzip] deflating: /Users/isa/.cache/firebase/emulators/ui-v1.15.0/client/assets/index-CjB9C900.css
[debug] [2026-06-25T06:33:05.616Z] [unzip] Entry: client/assets/index-BX-A56oj.js.map (compressed_size=2362482 bytes, uncompressed_size=10036679 bytes)
[debug] [2026-06-25T06:33:05.616Z] [unzip] Processing entry: client/assets/index-BX-A56oj.js.map
[debug] [2026-06-25T06:33:05.616Z] [unzip] else mkdir: /Users/isa/.cache/firebase/emulators/ui-v1.15.0/client/assets
[debug] [2026-06-25T06:33:05.616Z] [unzip] deflating: /Users/isa/.cache/firebase/emulators/ui-v1.15.0/client/assets/index-BX-A56oj.js.map
[debug] [2026-06-25T06:33:05.656Z] [unzip] Entry: client/assets/extensions/ (compressed_size=0 bytes, uncompressed_size=0 bytes)
[debug] [2026-06-25T06:33:05.656Z] [unzip] Processing entry: client/assets/extensions/
[debug] [2026-06-25T06:33:05.656Z] [unzip] mkdir: /Users/isa/.cache/firebase/emulators/ui-v1.15.0/client/assets/extensions/
[debug] [2026-06-25T06:33:05.656Z] [unzip] Entry: client/assets/extensions/default-extension.png (compressed_size=1646 bytes, uncompressed_size=1657 bytes)
[debug] [2026-06-25T06:33:05.656Z] [unzip] Processing entry: client/assets/extensions/default-extension.png
[debug] [2026-06-25T06:33:05.656Z] [unzip] else mkdir: /Users/isa/.cache/firebase/emulators/ui-v1.15.0/client/assets/extensions
[debug] [2026-06-25T06:33:05.656Z] [unzip] deflating: /Users/isa/.cache/firebase/emulators/ui-v1.15.0/client/assets/extensions/default-extension.png
[debug] [2026-06-25T06:33:05.657Z] [unzip] Entry: client/assets/img/ (compressed_size=0 bytes, uncompressed_size=0 bytes)
[debug] [2026-06-25T06:33:05.657Z] [unzip] Processing entry: client/assets/img/
[debug] [2026-06-25T06:33:05.657Z] [unzip] mkdir: /Users/isa/.cache/firebase/emulators/ui-v1.15.0/client/assets/img/
[debug] [2026-06-25T06:33:05.657Z] [unzip] Entry: client/assets/img/database.png (compressed_size=29449 bytes, uncompressed_size=29988 bytes)
[debug] [2026-06-25T06:33:05.657Z] [unzip] Processing entry: client/assets/img/database.png
[debug] [2026-06-25T06:33:05.657Z] [unzip] else mkdir: /Users/isa/.cache/firebase/emulators/ui-v1.15.0/client/assets/img
[debug] [2026-06-25T06:33:05.657Z] [unzip] deflating: /Users/isa/.cache/firebase/emulators/ui-v1.15.0/client/assets/img/database.png
[debug] [2026-06-25T06:33:05.657Z] [unzip] Entry: client/assets/provider-icons/ (compressed_size=0 bytes, uncompressed_size=0 bytes)
[debug] [2026-06-25T06:33:05.658Z] [unzip] Processing entry: client/assets/provider-icons/
[debug] [2026-06-25T06:33:05.658Z] [unzip] mkdir: /Users/isa/.cache/firebase/emulators/ui-v1.15.0/client/assets/provider-icons/
[debug] [2026-06-25T06:33:05.658Z] [unzip] Entry: client/assets/provider-icons/auth_service_saml.svg (compressed_size=575 bytes, uncompressed_size=1226 bytes)
[debug] [2026-06-25T06:33:05.658Z] [unzip] Processing entry: client/assets/provider-icons/auth_service_saml.svg
[debug] [2026-06-25T06:33:05.658Z] [unzip] else mkdir: /Users/isa/.cache/firebase/emulators/ui-v1.15.0/client/assets/provider-icons
[debug] [2026-06-25T06:33:05.658Z] [unzip] deflating: /Users/isa/.cache/firebase/emulators/ui-v1.15.0/client/assets/provider-icons/auth_service_saml.svg
[debug] [2026-06-25T06:33:05.658Z] [unzip] Entry: client/assets/provider-icons/auth_service_phone.svg (compressed_size=261 bytes, uncompressed_size=414 bytes)
[debug] [2026-06-25T06:33:05.658Z] [unzip] Processing entry: client/assets/provider-icons/auth_service_phone.svg
[debug] [2026-06-25T06:33:05.658Z] [unzip] else mkdir: /Users/isa/.cache/firebase/emulators/ui-v1.15.0/client/assets/provider-icons
[debug] [2026-06-25T06:33:05.658Z] [unzip] deflating: /Users/isa/.cache/firebase/emulators/ui-v1.15.0/client/assets/provider-icons/auth_service_phone.svg
[debug] [2026-06-25T06:33:05.659Z] [unzip] Entry: client/assets/provider-icons/auth_service_facebook.svg (compressed_size=289 bytes, uncompressed_size=457 bytes)
[debug] [2026-06-25T06:33:05.659Z] [unzip] Processing entry: client/assets/provider-icons/auth_service_facebook.svg
[debug] [2026-06-25T06:33:05.659Z] [unzip] else mkdir: /Users/isa/.cache/firebase/emulators/ui-v1.15.0/client/assets/provider-icons
[debug] [2026-06-25T06:33:05.659Z] [unzip] deflating: /Users/isa/.cache/firebase/emulators/ui-v1.15.0/client/assets/provider-icons/auth_service_facebook.svg
[debug] [2026-06-25T06:33:05.659Z] [unzip] Entry: client/assets/provider-icons/auth_service_game_center.svg (compressed_size=991 bytes, uncompressed_size=3921 bytes)
[debug] [2026-06-25T06:33:05.659Z] [unzip] Processing entry: client/assets/provider-icons/auth_service_game_center.svg
[debug] [2026-06-25T06:33:05.659Z] [unzip] else mkdir: /Users/isa/.cache/firebase/emulators/ui-v1.15.0/client/assets/provider-icons
[debug] [2026-06-25T06:33:05.659Z] [unzip] deflating: /Users/isa/.cache/firebase/emulators/ui-v1.15.0/client/assets/provider-icons/auth_service_game_center.svg
[debug] [2026-06-25T06:33:05.659Z] [unzip] Entry: client/assets/provider-icons/auth_service_apple.svg (compressed_size=230 bytes, uncompressed_size=334 bytes)
[debug] [2026-06-25T06:33:05.659Z] [unzip] Processing entry: client/assets/provider-icons/auth_service_apple.svg
[debug] [2026-06-25T06:33:05.659Z] [unzip] else mkdir: /Users/isa/.cache/firebase/emulators/ui-v1.15.0/client/assets/provider-icons
[debug] [2026-06-25T06:33:05.660Z] [unzip] deflating: /Users/isa/.cache/firebase/emulators/ui-v1.15.0/client/assets/provider-icons/auth_service_apple.svg
[debug] [2026-06-25T06:33:05.660Z] [unzip] Entry: client/assets/provider-icons/auth_service_github.svg (compressed_size=466 bytes, uncompressed_size=838 bytes)
[debug] [2026-06-25T06:33:05.660Z] [unzip] Processing entry: client/assets/provider-icons/auth_service_github.svg
[debug] [2026-06-25T06:33:05.660Z] [unzip] else mkdir: /Users/isa/.cache/firebase/emulators/ui-v1.15.0/client/assets/provider-icons
[debug] [2026-06-25T06:33:05.660Z] [unzip] deflating: /Users/isa/.cache/firebase/emulators/ui-v1.15.0/client/assets/provider-icons/auth_service_github.svg
[debug] [2026-06-25T06:33:05.660Z] [unzip] Entry: client/assets/provider-icons/auth_service_mslive.svg (compressed_size=203 bytes, uncompressed_size=378 bytes)
[debug] [2026-06-25T06:33:05.660Z] [unzip] Processing entry: client/assets/provider-icons/auth_service_mslive.svg
[debug] [2026-06-25T06:33:05.660Z] [unzip] else mkdir: /Users/isa/.cache/firebase/emulators/ui-v1.15.0/client/assets/provider-icons
[debug] [2026-06-25T06:33:05.661Z] [unzip] deflating: /Users/isa/.cache/firebase/emulators/ui-v1.15.0/client/assets/provider-icons/auth_service_mslive.svg
[debug] [2026-06-25T06:33:05.661Z] [unzip] Entry: client/assets/provider-icons/auth_service_yahoo.svg (compressed_size=577 bytes, uncompressed_size=1182 bytes)
[debug] [2026-06-25T06:33:05.661Z] [unzip] Processing entry: client/assets/provider-icons/auth_service_yahoo.svg
[debug] [2026-06-25T06:33:05.661Z] [unzip] else mkdir: /Users/isa/.cache/firebase/emulators/ui-v1.15.0/client/assets/provider-icons
[debug] [2026-06-25T06:33:05.661Z] [unzip] deflating: /Users/isa/.cache/firebase/emulators/ui-v1.15.0/client/assets/provider-icons/auth_service_yahoo.svg
[debug] [2026-06-25T06:33:05.661Z] [unzip] Entry: client/assets/provider-icons/auth_service_twitter.svg (compressed_size=444 bytes, uncompressed_size=751 bytes)
[debug] [2026-06-25T06:33:05.661Z] [unzip] Processing entry: client/assets/provider-icons/auth_service_twitter.svg
[debug] [2026-06-25T06:33:05.661Z] [unzip] else mkdir: /Users/isa/.cache/firebase/emulators/ui-v1.15.0/client/assets/provider-icons
[debug] [2026-06-25T06:33:05.661Z] [unzip] deflating: /Users/isa/.cache/firebase/emulators/ui-v1.15.0/client/assets/provider-icons/auth_service_twitter.svg
[debug] [2026-06-25T06:33:05.662Z] [unzip] Entry: client/assets/provider-icons/auth_service_play_games.svg (compressed_size=565 bytes, uncompressed_size=1173 bytes)
[debug] [2026-06-25T06:33:05.662Z] [unzip] Processing entry: client/assets/provider-icons/auth_service_play_games.svg
[debug] [2026-06-25T06:33:05.662Z] [unzip] else mkdir: /Users/isa/.cache/firebase/emulators/ui-v1.15.0/client/assets/provider-icons
[debug] [2026-06-25T06:33:05.662Z] [unzip] deflating: /Users/isa/.cache/firebase/emulators/ui-v1.15.0/client/assets/provider-icons/auth_service_play_games.svg
[debug] [2026-06-25T06:33:05.662Z] [unzip] Entry: client/assets/provider-icons/auth_service_email.svg (compressed_size=228 bytes, uncompressed_size=326 bytes)
[debug] [2026-06-25T06:33:05.662Z] [unzip] Processing entry: client/assets/provider-icons/auth_service_email.svg
[debug] [2026-06-25T06:33:05.662Z] [unzip] else mkdir: /Users/isa/.cache/firebase/emulators/ui-v1.15.0/client/assets/provider-icons
[debug] [2026-06-25T06:33:05.662Z] [unzip] deflating: /Users/isa/.cache/firebase/emulators/ui-v1.15.0/client/assets/provider-icons/auth_service_email.svg
[debug] [2026-06-25T06:33:05.662Z] [unzip] Entry: client/assets/provider-icons/auth_service_google.svg (compressed_size=409 bytes, uncompressed_size=720 bytes)
[debug] [2026-06-25T06:33:05.662Z] [unzip] Processing entry: client/assets/provider-icons/auth_service_google.svg
[debug] [2026-06-25T06:33:05.662Z] [unzip] else mkdir: /Users/isa/.cache/firebase/emulators/ui-v1.15.0/client/assets/provider-icons
[debug] [2026-06-25T06:33:05.662Z] [unzip] deflating: /Users/isa/.cache/firebase/emulators/ui-v1.15.0/client/assets/provider-icons/auth_service_google.svg
[debug] [2026-06-25T06:33:05.663Z] [unzip] Entry: client/assets/provider-icons/auth_service_oidc.svg (compressed_size=414 bytes, uncompressed_size=858 bytes)
[debug] [2026-06-25T06:33:05.663Z] [unzip] Processing entry: client/assets/provider-icons/auth_service_oidc.svg
[debug] [2026-06-25T06:33:05.663Z] [unzip] else mkdir: /Users/isa/.cache/firebase/emulators/ui-v1.15.0/client/assets/provider-icons
[debug] [2026-06-25T06:33:05.663Z] [unzip] deflating: /Users/isa/.cache/firebase/emulators/ui-v1.15.0/client/assets/provider-icons/auth_service_oidc.svg
[debug] [2026-06-25T06:33:05.663Z] [unzip] Entry: client/browserconfig.xml (compressed_size=491 bytes, uncompressed_size=822 bytes)
[debug] [2026-06-25T06:33:05.663Z] [unzip] Processing entry: client/browserconfig.xml
[debug] [2026-06-25T06:33:05.663Z] [unzip] else mkdir: /Users/isa/.cache/firebase/emulators/ui-v1.15.0/client
[debug] [2026-06-25T06:33:05.663Z] [unzip] deflating: /Users/isa/.cache/firebase/emulators/ui-v1.15.0/client/browserconfig.xml
[debug] [2026-06-25T06:33:05.663Z] [unzip] Entry: client/favicon-32x32.png (compressed_size=475 bytes, uncompressed_size=475 bytes)
[debug] [2026-06-25T06:33:05.663Z] [unzip] Processing entry: client/favicon-32x32.png
[debug] [2026-06-25T06:33:05.663Z] [unzip] else mkdir: /Users/isa/.cache/firebase/emulators/ui-v1.15.0/client
[debug] [2026-06-25T06:33:05.663Z] [unzip] Writing file: /Users/isa/.cache/firebase/emulators/ui-v1.15.0/client/favicon-32x32.png
[debug] [2026-06-25T06:33:05.664Z] [unzip] Entry: server/ (compressed_size=0 bytes, uncompressed_size=0 bytes)
[debug] [2026-06-25T06:33:05.664Z] [unzip] Processing entry: server/
[debug] [2026-06-25T06:33:05.664Z] [unzip] mkdir: /Users/isa/.cache/firebase/emulators/ui-v1.15.0/server/
[debug] [2026-06-25T06:33:05.664Z] [unzip] Entry: server/server.mjs.map (compressed_size=217845 bytes, uncompressed_size=944978 bytes)
[debug] [2026-06-25T06:33:05.664Z] [unzip] Processing entry: server/server.mjs.map
[debug] [2026-06-25T06:33:05.664Z] [unzip] else mkdir: /Users/isa/.cache/firebase/emulators/ui-v1.15.0/server
[debug] [2026-06-25T06:33:05.664Z] [unzip] deflating: /Users/isa/.cache/firebase/emulators/ui-v1.15.0/server/server.mjs.map
[debug] [2026-06-25T06:33:05.668Z] [unzip] Entry: server/server.mjs (compressed_size=276407 bytes, uncompressed_size=933701 bytes)
[debug] [2026-06-25T06:33:05.668Z] [unzip] Processing entry: server/server.mjs
[debug] [2026-06-25T06:33:05.668Z] [unzip] else mkdir: /Users/isa/.cache/firebase/emulators/ui-v1.15.0/server
[debug] [2026-06-25T06:33:05.668Z] [unzip] deflating: /Users/isa/.cache/firebase/emulators/ui-v1.15.0/server/server.mjs
[info] i  functions: Watching "/Users/isa/yggdrasil/functions" for Cloud Functions... {"metadata":{"emulator":{"name":"functions"},"message":"Watching \"/Users/isa/yggdrasil/functions\" for Cloud Functions..."}}
[debug] [2026-06-25T06:33:05.673Z] Validating nodejs source
[debug] [2026-06-25T06:33:06.197Z] > [functions] package.json contents: {
  "name": "yggdrasil-functions",
  "scripts": {
    "lint": "eslint .",
    "build": "tsc",
    "serve": "npm run build && firebase emulators:start --only functions",
    "shell": "npm run build && firebase functions:shell",
    "start": "npm run shell",
    "deploy": "firebase deploy --only functions",
    "logs": "firebase functions:log"
  },
  "engines": {
    "node": "22"
  },
  "main": "lib/index.js",
  "dependencies": {
    "@google-cloud/vertexai": "^1.12.0",
    "@google/generative-ai": "^0.24.1",
    "firebase-admin": "^13.10.0",
    "firebase-functions": "^7.2.5"
  },
  "devDependencies": {
    "@modelcontextprotocol/sdk": "^1.29.0",
    "@typescript-eslint/eslint-plugin": "^5.12.0",
    "@typescript-eslint/parser": "^5.12.0",
    "eslint": "^8.9.0",
    "eslint-config-google": "^0.14.0",
    "eslint-plugin-import": "^2.25.4",
    "firebase-functions-test": "^3.1.0",
    "typescript": "^6.0.3"
  },
  "private": true
}
[debug] [2026-06-25T06:33:06.197Z] Building nodejs source
[debug] [2026-06-25T06:33:06.197Z] Failed to find version of module node: reached end of search path /Users/isa/yggdrasil/functions/node_modules
[warn] ⚠  functions: Your requested "node" version "22" doesn't match your global version "24". Using node@24 from host. 
[debug] [2026-06-25T06:33:06.199Z] Failed to validate key FIREBASE_ADMIN_PROJECT_ID: Error: Key FIREBASE_ADMIN_PROJECT_ID starts with a reserved prefix (X_GOOGLE_ FIREBASE_ EXT_)
[debug] [2026-06-25T06:33:06.199Z] Failed to validate key FIREBASE_ADMIN_CLIENT_EMAIL: Error: Key FIREBASE_ADMIN_CLIENT_EMAIL starts with a reserved prefix (X_GOOGLE_ FIREBASE_ EXT_)
[debug] [2026-06-25T06:33:06.199Z] Failed to validate key FIREBASE_ADMIN_PRIVATE_KEY: Error: Key FIREBASE_ADMIN_PRIVATE_KEY starts with a reserved prefix (X_GOOGLE_ FIREBASE_ EXT_)
[error] ⬢  functions: Failed to load function definition from source: FirebaseError: Failed to load environment variables from .env.local. {"metadata":{"emulator":{"name":"functions"},"message":"Failed to load function definition from source: FirebaseError: Failed to load environment variables from .env.local."}}
[debug] [2026-06-25T06:33:06.204Z] Could not find VSCode notification endpoint: FetchError: request to http://localhost:40001/vscode/notify failed, reason: . If you are not running the Firebase SQL Connect VSCode extension, this is expected and not an issue.
[info] 
┌─────────────────────────────────────────────────────────────┐
│ ✔  All emulators ready! It is now safe to connect your app. │
│ i  View Emulator UI at http://127.0.0.1:4000/               │
└─────────────────────────────────────────────────────────────┘

┌───────────┬────────────────┬─────────────────────────────────┐
│ Emulator  │ Host:Port      │ View in Emulator UI             │
├───────────┼────────────────┼─────────────────────────────────┤
│ Functions │ 127.0.0.1:5001 │ http://127.0.0.1:4000/functions │
└───────────┴────────────────┴─────────────────────────────────┘
  Emulator Hub host: 127.0.0.1 port: 4400
  Other reserved ports: 4500

Issues? Report them at https://github.com/firebase/firebase-tools/issues and attach the *-debug.log files.
 
